This file contains any messages produced by compilers while
running configure, to aid debugging if configure makes a mistake.

It was created by configure, which was
generated by GNU Autoconf 2.69.  Invocation command line was

  $ ./configure 

## --------- ##
## Platform. ##
## --------- ##

hostname = localhost.localdomain
uname -m = i686
uname -r = 2.6.32-573.el6.i686
uname -s = Linux
uname -v = #1 SMP Thu Jul 23 12:37:35 UTC 2015

/usr/bin/uname -p = unknown
/bin/uname -X     = unknown

/bin/arch              = i686
/usr/bin/arch -k       = unknown
/usr/convex/getsysinfo = unknown
/usr/bin/hostinfo      = unknown
/bin/machine           = unknown
/usr/bin/oslevel       = unknown
/bin/universe          = unknown

PATH: /usr/local/bin
PATH: /bin
PATH: /usr/bin
PATH: /usr/local/sbin
PATH: /usr/sbin
PATH: /sbin
PATH: /home/azuresetter/bin


## ----------- ##
## Core tests. ##
## ----------- ##

configure:2242: checking for gcc
configure:2258: found /usr/bin/gcc
configure:2269: result: gcc
configure:2498: checking for C compiler version
configure:2507: gcc --version >&5
gcc (GCC) 4.4.7 20120313 (Red Hat 4.4.7-17)
Copyright (C) 2010 Free Software Foundation, Inc.
This is free software; see the source for copying conditions.  There is NO
warranty; not even for MERCHANTABILITY or FITNESS FOR A PARTICULAR PURPOSE.

configure:2518: $? = 0
configure:2507: gcc -v >&5
Using built-in specs.
Target: i686-redhat-linux
Configured with: ../configure --prefix=/usr --mandir=/usr/share/man --infodir=/usr/share/info --with-bugurl=http://bugzilla.redhat.com/bugzilla --enable-bootstrap --enable-shared --enable-threads=posix --enable-checking=release --with-system-zlib --enable-__cxa_atexit --disable-libunwind-exceptions --enable-gnu-unique-object --enable-languages=c,c++,objc,obj-c++,java,fortran,ada --enable-java-awt=gtk --disable-dssi --with-java-home=/usr/lib/jvm/java-1.5.0-gcj-1.5.0.0/jre --enable-libgcj-multifile --enable-java-maintainer-mode --with-ecj-jar=/usr/share/java/eclipse-ecj.jar --disable-libjava-multilib --with-ppl --with-cloog --with-tune=generic --with-arch=i686 --build=i686-redhat-linux
Thread model: posix
gcc version 4.4.7 20120313 (Red Hat 4.4.7-17) (GCC) 
configure:2518: $? = 0
configure:2507: gcc -V >&5
gcc: '-V' option must have argument
configure:2518: $? = 1
configure:2507: gcc -qversion >&5
gcc: unrecognized option '-qversion'
gcc: no input files
configure:2518: $? = 1
configure:2538: checking whether the C compiler works
configure:2560: gcc    conftest.c  >&5
configure:2564: $? = 0
configure:2612: result: yes
configure:2615: checking for C compiler default output file name
configure:2617: result: a.out
configure:2623: checking for suffix of executables
configure:2630: gcc -o conftest    conftest.c  >&5
configure:2634: $? = 0
configure:2656: result: 
configure:2678: checking whether we are cross compiling
configure:2686: gcc -o conftest    conftest.c  >&5
configure:2690: $? = 0
configure:2697: ./conftest
configure:2701: $? = 0
configure:2716: result: no
configure:2721: checking for suffix of object files
configure:2743: gcc -c   conftest.c >&5
configure:2747: $? = 0
configure:2768: result: o
configure:2772: checking whether we are using the GNU C compiler
configure:2791: gcc -c   conftest.c >&5
configure:2791: $? = 0
configure:2800: result: yes
configure:2809: checking whether gcc accepts -g
configure:2829: gcc -c -g  conftest.c >&5
configure:2829: $? = 0
configure:2870: result: yes
configure:2887: checking for gcc option to accept ISO C89
configure:2950: gcc  -c -g -O2  conftest.c >&5
configure:2950: $? = 0
configure:2963: result: none needed
configure:2989: checking how to run the C preprocessor
configure:3020: gcc -E  conftest.c
configure:3020: $? = 0
configure:3034: gcc -E  conftest.c
conftest.c:9:28: error: ac_nonexistent.h: No such file or directory
configure:3034: $? = 1
configure: failed program was:
| /* confdefs.h */
| #define PACKAGE_NAME ""
| #define PACKAGE_TARNAME ""
| #define PACKAGE_VERSION ""
| #define PACKAGE_STRING ""
| #define PACKAGE_BUGREPORT ""
| #define PACKAGE_URL ""
| /* end confdefs.h.  */
| #include <ac_nonexistent.h>
configure:3059: result: gcc -E
configure:3079: gcc -E  conftest.c
configure:3079: $? = 0
configure:3093: gcc -E  conftest.c
conftest.c:9:28: error: ac_nonexistent.h: No such file or directory
configure:3093: $? = 1
configure: failed program was:
| /* confdefs.h */
| #define PACKAGE_NAME ""
| #define PACKAGE_TARNAME ""
| #define PACKAGE_VERSION ""
| #define PACKAGE_STRING ""
| #define PACKAGE_BUGREPORT ""
| #define PACKAGE_URL ""
| /* end confdefs.h.  */
| #include <ac_nonexistent.h>
configure:3122: checking for grep that handles long lines and -e
configure:3180: result: /bin/grep
configure:3185: checking for egrep
configure:3247: result: /bin/grep -E
configure:3252: checking for ANSI C header files
configure:3272: gcc -c -g -O2  conftest.c >&5
configure:3272: $? = 0
configure:3345: gcc -o conftest -g -O2   conftest.c  >&5
configure:3345: $? = 0
configure:3345: ./conftest
configure:3345: $? = 0
configure:3356: result: yes
configure:3369: checking for sys/types.h
configure:3369: gcc -c -g -O2  conftest.c >&5
configure:3369: $? = 0
configure:3369: result: yes
configure:3369: checking for sys/stat.h
configure:3369: gcc -c -g -O2  conftest.c >&5
configure:3369: $? = 0
configure:3369: result: yes
configure:3369: checking for stdlib.h
configure:3369: gcc -c -g -O2  conftest.c >&5
configure:3369: $? = 0
configure:3369: result: yes
configure:3369: checking for string.h
configure:3369: gcc -c -g -O2  conftest.c >&5
configure:3369: $? = 0
configure:3369: result: yes
configure:3369: checking for memory.h
configure:3369: gcc -c -g -O2  conftest.c >&5
configure:3369: $? = 0
configure:3369: result: yes
configure:3369: checking for strings.h
configure:3369: gcc -c -g -O2  conftest.c >&5
configure:3369: $? = 0
configure:3369: result: yes
configure:3369: checking for inttypes.h
configure:3369: gcc -c -g -O2  conftest.c >&5
configure:3369: $? = 0
configure:3369: result: yes
configure:3369: checking for stdint.h
configure:3369: gcc -c -g -O2  conftest.c >&5
configure:3369: $? = 0
configure:3369: result: yes
configure:3369: checking for unistd.h
configure:3369: gcc -c -g -O2  conftest.c >&5
configure:3369: $? = 0
configure:3369: result: yes
configure:3382: checking minix/config.h usability
configure:3382: gcc -c -g -O2  conftest.c >&5
conftest.c:52:26: error: minix/config.h: No such file or directory
configure:3382: $? = 1
configure: failed program was:
| /* confdefs.h */
| #define PACKAGE_NAME ""
| #define PACKAGE_TARNAME ""
| #define PACKAGE_VERSION ""
| #define PACKAGE_STRING ""
| #define PACKAGE_BUGREPORT ""
| #define PACKAGE_URL ""
| #define STDC_HEADERS 1
| #define HAVE_SYS_TYPES_H 1
| #define HAVE_SYS_STAT_H 1
| #define HAVE_STDLIB_H 1
| #define HAVE_STRING_H 1
| #define HAVE_MEMORY_H 1
| #define HAVE_STRINGS_H 1
| #define HAVE_INTTYPES_H 1
| #define HAVE_STDINT_H 1
| #define HAVE_UNISTD_H 1
| /* end confdefs.h.  */
| #include <stdio.h>
| #ifdef HAVE_SYS_TYPES_H
| # include <sys/types.h>
| #endif
| #ifdef HAVE_SYS_STAT_H
| # include <sys/stat.h>
| #endif
| #ifdef STDC_HEADERS
| # include <stdlib.h>
| # include <stddef.h>
| #else
| # ifdef HAVE_STDLIB_H
| #  include <stdlib.h>
| # endif
| #endif
| #ifdef HAVE_STRING_H
| # if !defined STDC_HEADERS && defined HAVE_MEMORY_H
| #  include <memory.h>
| # endif
| # include <string.h>
| #endif
| #ifdef HAVE_STRINGS_H
| # include <strings.h>
| #endif
| #ifdef HAVE_INTTYPES_H
| # include <inttypes.h>
| #endif
| #ifdef HAVE_STDINT_H
| # include <stdint.h>
| #endif
| #ifdef HAVE_UNISTD_H
| # include <unistd.h>
| #endif
| #include <minix/config.h>
configure:3382: result: no
configure:3382: checking minix/config.h presence
configure:3382: gcc -E  conftest.c
conftest.c:19:26: error: minix/config.h: No such file or directory
configure:3382: $? = 1
configure: failed program was:
| /* confdefs.h */
| #define PACKAGE_NAME ""
| #define PACKAGE_TARNAME ""
| #define PACKAGE_VERSION ""
| #define PACKAGE_STRING ""
| #define PACKAGE_BUGREPORT ""
| #define PACKAGE_URL ""
| #define STDC_HEADERS 1
| #define HAVE_SYS_TYPES_H 1
| #define HAVE_SYS_STAT_H 1
| #define HAVE_STDLIB_H 1
| #define HAVE_STRING_H 1
| #define HAVE_MEMORY_H 1
| #define HAVE_STRINGS_H 1
| #define HAVE_INTTYPES_H 1
| #define HAVE_STDINT_H 1
| #define HAVE_UNISTD_H 1
| /* end confdefs.h.  */
| #include <minix/config.h>
configure:3382: result: no
configure:3382: checking for minix/config.h
configure:3382: result: no
configure:3403: checking whether it is safe to define __EXTENSIONS__
configure:3421: gcc -c -g -O2  conftest.c >&5
configure:3421: $? = 0
configure:3428: result: yes
configure:3834: checking whether make sets $(MAKE)
configure:3856: result: yes
configure:3913: checking for gcc
configure:3940: result: gcc
configure:4169: checking for C compiler version
configure:4178: gcc --version >&5
gcc (GCC) 4.4.7 20120313 (Red Hat 4.4.7-17)
Copyright (C) 2010 Free Software Foundation, Inc.
This is free software; see the source for copying conditions.  There is NO
warranty; not even for MERCHANTABILITY or FITNESS FOR A PARTICULAR PURPOSE.

configure:4189: $? = 0
configure:4178: gcc -v >&5
Using built-in specs.
Target: i686-redhat-linux
Configured with: ../configure --prefix=/usr --mandir=/usr/share/man --infodir=/usr/share/info --with-bugurl=http://bugzilla.redhat.com/bugzilla --enable-bootstrap --enable-shared --enable-threads=posix --enable-checking=release --with-system-zlib --enable-__cxa_atexit --disable-libunwind-exceptions --enable-gnu-unique-object --enable-languages=c,c++,objc,obj-c++,java,fortran,ada --enable-java-awt=gtk --disable-dssi --with-java-home=/usr/lib/jvm/java-1.5.0-gcj-1.5.0.0/jre --enable-libgcj-multifile --enable-java-maintainer-mode --with-ecj-jar=/usr/share/java/eclipse-ecj.jar --disable-libjava-multilib --with-ppl --with-cloog --with-tune=generic --with-arch=i686 --build=i686-redhat-linux
Thread model: posix
gcc version 4.4.7 20120313 (Red Hat 4.4.7-17) (GCC) 
configure:4189: $? = 0
configure:4178: gcc -V >&5
gcc: '-V' option must have argument
configure:4189: $? = 1
configure:4178: gcc -qversion >&5
gcc: unrecognized option '-qversion'
gcc: no input files
configure:4189: $? = 1
configure:4193: checking whether we are using the GNU C compiler
configure:4221: result: yes
configure:4230: checking whether gcc accepts -g
configure:4291: result: yes
configure:4308: checking for gcc option to accept ISO C89
configure:4384: result: none needed
configure:4409: checking how to run the C preprocessor
configure:4479: result: gcc -E
configure:4499: gcc -E  -DMAXCONN=16384 conftest.c
configure:4499: $? = 0
configure:4513: gcc -E  -DMAXCONN=16384 conftest.c
conftest.c:24:28: error: ac_nonexistent.h: No such file or directory
configure:4513: $? = 1
configure: failed program was:
| /* confdefs.h */
| #define PACKAGE_NAME ""
| #define PACKAGE_TARNAME ""
| #define PACKAGE_VERSION ""
| #define PACKAGE_STRING ""
| #define PACKAGE_BUGREPORT ""
| #define PACKAGE_URL ""
| #define STDC_HEADERS 1
| #define HAVE_SYS_TYPES_H 1
| #define HAVE_SYS_STAT_H 1
| #define HAVE_STDLIB_H 1
| #define HAVE_STRING_H 1
| #define HAVE_MEMORY_H 1
| #define HAVE_STRINGS_H 1
| #define HAVE_INTTYPES_H 1
| #define HAVE_STDINT_H 1
| #define HAVE_UNISTD_H 1
| #define __EXTENSIONS__ 1
| #define _ALL_SOURCE 1
| #define _GNU_SOURCE 1
| #define _POSIX_PTHREAD_SEMANTICS 1
| #define _TANDEM_SOURCE 1
| /* end confdefs.h.  */
| #include <ac_nonexistent.h>
configure:4543: checking for ar
configure:4561: found /usr/bin/ar
configure:4573: result: /usr/bin/ar
configure:4593: checking whether byte ordering is bigendian
configure:4608: gcc -c -g -O2 -pipe -ffast-math -fvisibility=hidden -Wall -Wextra -Wno-sign-compare  -DMAXCONN=16384 -I../common conftest.c >&5
conftest.c:25: error: expected '=', ',', ';', 'asm' or '__attribute__' before 'a'
configure:4608: $? = 1
configure: failed program was:
| /* confdefs.h */
| #define PACKAGE_NAME ""
| #define PACKAGE_TARNAME ""
| #define PACKAGE_VERSION ""
| #define PACKAGE_STRING ""
| #define PACKAGE_BUGREPORT ""
| #define PACKAGE_URL ""
| #define STDC_HEADERS 1
| #define HAVE_SYS_TYPES_H 1
| #define HAVE_SYS_STAT_H 1
| #define HAVE_STDLIB_H 1
| #define HAVE_STRING_H 1
| #define HAVE_MEMORY_H 1
| #define HAVE_STRINGS_H 1
| #define HAVE_INTTYPES_H 1
| #define HAVE_STDINT_H 1
| #define HAVE_UNISTD_H 1
| #define __EXTENSIONS__ 1
| #define _ALL_SOURCE 1
| #define _GNU_SOURCE 1
| #define _POSIX_PTHREAD_SEMANTICS 1
| #define _TANDEM_SOURCE 1
| /* end confdefs.h.  */
| #ifndef __APPLE_CC__
| 	       not a universal capable compiler
| 	     #endif
| 	     typedef int dummy;
| 
configure:4653: gcc -c -g -O2 -pipe -ffast-math -fvisibility=hidden -Wall -Wextra -Wno-sign-compare  -DMAXCONN=16384 -I../common conftest.c >&5
configure:4653: $? = 0
configure:4671: gcc -c -g -O2 -pipe -ffast-math -fvisibility=hidden -Wall -Wextra -Wno-sign-compare  -DMAXCONN=16384 -I../common conftest.c >&5
conftest.c: In function 'main':
conftest.c:31: error: 'not' undeclared (first use in this function)
conftest.c:31: error: (Each undeclared identifier is reported only once
conftest.c:31: error: for each function it appears in.)
conftest.c:31: error: expected ';' before 'big'
configure:4671: $? = 1
configure: failed program was:
| /* confdefs.h */
| #define PACKAGE_NAME ""
| #define PACKAGE_TARNAME ""
| #define PACKAGE_VERSION ""
| #define PACKAGE_STRING ""
| #define PACKAGE_BUGREPORT ""
| #define PACKAGE_URL ""
| #define STDC_HEADERS 1
| #define HAVE_SYS_TYPES_H 1
| #define HAVE_SYS_STAT_H 1
| #define HAVE_STDLIB_H 1
| #define HAVE_STRING_H 1
| #define HAVE_MEMORY_H 1
| #define HAVE_STRINGS_H 1
| #define HAVE_INTTYPES_H 1
| #define HAVE_STDINT_H 1
| #define HAVE_UNISTD_H 1
| #define __EXTENSIONS__ 1
| #define _ALL_SOURCE 1
| #define _GNU_SOURCE 1
| #define _POSIX_PTHREAD_SEMANTICS 1
| #define _TANDEM_SOURCE 1
| /* end confdefs.h.  */
| #include <sys/types.h>
| 		#include <sys/param.h>
| 
| int
| main ()
| {
| #if BYTE_ORDER != BIG_ENDIAN
| 		 not big endian
| 		#endif
| 
|   ;
|   return 0;
| }
configure:4799: result: no
configure:4868: checking whether gcc produces 32bit code
configure:4886: gcc -o conftest -g -O2 -pipe -ffast-math -fvisibility=hidden -Wall -Wextra -Wno-sign-compare  -DMAXCONN=16384 -I../common  conftest.c  >&5
conftest.c: In function 'main':
conftest.c:25: warning: unused parameter 'argc'
conftest.c:25: warning: unused parameter 'argv'
configure:4886: $? = 0
configure:4886: ./conftest
configure:4886: $? = 0
configure:4888: result: yes
configure:4890: checking whether gcc supports -march=i686 (and we can run it)
configure:4911: gcc -o conftest -g -O2 -pipe -ffast-math -fvisibility=hidden -Wall -Wextra -Wno-sign-compare -march=i686  -DMAXCONN=16384 -I../common  -march=i686 conftest.c  >&5
conftest.c: In function 'main':
conftest.c:25: warning: unused parameter 'argc'
conftest.c:25: warning: unused parameter 'argv'
configure:4911: $? = 0
configure:4911: ./conftest
configure:4911: $? = 0
configure:4913: result: yes
configure:4945: checking whether gcc supports __thread specifier (TLS)
configure:4964: gcc -o conftest -g -O2 -pipe -ffast-math -fvisibility=hidden -Wall -Wextra -Wno-sign-compare -march=i686  -DMAXCONN=16384 -I../common  -march=i686 conftest.c  >&5
conftest.c: In function 'main':
conftest.c:27: warning: unused parameter 'argc'
conftest.c:27: warning: unused parameter 'argv'
configure:4964: $? = 0
configure:4964: ./conftest
configure:4964: $? = 0
configure:4966: result: yes
configure:4989: checking whether gcc accepts -rdynamic
configure:5000: gcc -o conftest -g -O2 -pipe -ffast-math -fvisibility=hidden -Wall -Wextra -Wno-sign-compare -march=i686  -DMAXCONN=16384 -I../common -DHAS_TLS  -march=i686 -rdynamic conftest.c  >&5
conftest.c: In function 'main':
conftest.c:25: warning: unused parameter 'argc'
conftest.c:25: warning: unused parameter 'argv'
configure:5000: $? = 0
configure:5002: result: yes
configure:5895: checking whether gcc supports -Wno-unused-parameter
configure:5903: gcc -c -g -O2 -pipe -ffast-math -fvisibility=hidden -Wall -Wextra -Wno-sign-compare -march=i686 -Werror -Wno-unused-parameter  -DMAXCONN=16384 -I../common -DHAS_TLS conftest.c >&5
configure:5903: $? = 0
configure:5913: gcc -c -g -O2 -pipe -ffast-math -fvisibility=hidden -Wall -Wextra -Wno-sign-compare -march=i686 -Werror -Wunused-parameter  -DMAXCONN=16384 -I../common -DHAS_TLS conftest.c >&5
configure:5913: $? = 0
configure:5915: result: yes
configure:5920: checking whether gcc can actually use -Wno-unused-parameter
configure:5927: gcc -c -g -O2 -pipe -ffast-math -fvisibility=hidden -Wall -Wextra -Wno-sign-compare -march=i686 -Werror -Wunused-parameter  -DMAXCONN=16384 -I../common -DHAS_TLS conftest.c >&5
cc1: warnings being treated as errors
conftest.c: In function 'foo':
conftest.c:24: error: unused parameter 'bar'
configure:5927: $? = 1
configure: failed program was:
| /* confdefs.h */
| #define PACKAGE_NAME ""
| #define PACKAGE_TARNAME ""
| #define PACKAGE_VERSION ""
| #define PACKAGE_STRING ""
| #define PACKAGE_BUGREPORT ""
| #define PACKAGE_URL ""
| #define STDC_HEADERS 1
| #define HAVE_SYS_TYPES_H 1
| #define HAVE_SYS_STAT_H 1
| #define HAVE_STDLIB_H 1
| #define HAVE_STRING_H 1
| #define HAVE_MEMORY_H 1
| #define HAVE_STRINGS_H 1
| #define HAVE_INTTYPES_H 1
| #define HAVE_STDINT_H 1
| #define HAVE_UNISTD_H 1
| #define __EXTENSIONS__ 1
| #define _ALL_SOURCE 1
| #define _GNU_SOURCE 1
| #define _POSIX_PTHREAD_SEMANTICS 1
| #define _TANDEM_SOURCE 1
| /* end confdefs.h.  */
| int foo(int bar) { return 0; }
configure:5940: gcc -c -g -O2 -pipe -ffast-math -fvisibility=hidden -Wall -Wextra -Wno-sign-compare -march=i686 -Werror -Wno-unused-parameter  -DMAXCONN=16384 -I../common -DHAS_TLS conftest.c >&5
configure:5940: $? = 0
configure:5942: result: yes
configure:5983: checking whether gcc supports -Wno-clobbered
configure:5991: gcc -c -g -O2 -pipe -ffast-math -fvisibility=hidden -Wall -Wextra -Wno-sign-compare -march=i686 -Wno-unused-parameter -Werror -Wno-clobbered  -DMAXCONN=16384 -I../common -DHAS_TLS conftest.c >&5
configure:5991: $? = 0
configure:6001: gcc -c -g -O2 -pipe -ffast-math -fvisibility=hidden -Wall -Wextra -Wno-sign-compare -march=i686 -Wno-unused-parameter -Werror -Wclobbered  -DMAXCONN=16384 -I../common -DHAS_TLS conftest.c >&5
configure:6001: $? = 0
configure:6003: result: yes
configure:6071: checking whether gcc supports -Wempty-body
configure:6079: gcc -c -g -O2 -pipe -ffast-math -fvisibility=hidden -Wall -Wextra -Wno-sign-compare -march=i686 -Wno-unused-parameter -Wno-clobbered -Werror -Wempty-body  -DMAXCONN=16384 -I../common -DHAS_TLS conftest.c >&5
configure:6079: $? = 0
configure:6081: result: yes
configure:6120: checking whether gcc supports -Wnewline-eof
configure:6128: gcc -c -g -O2 -pipe -ffast-math -fvisibility=hidden -Wall -Wextra -Wno-sign-compare -march=i686 -Wno-unused-parameter -Wno-clobbered -Wempty-body -Werror -Wnewline-eof  -DMAXCONN=16384 -I../common -DHAS_TLS conftest.c >&5
cc1: error: unrecognized command line option "-Wnewline-eof"
configure:6128: $? = 1
configure: failed program was:
| /* confdefs.h */
| #define PACKAGE_NAME ""
| #define PACKAGE_TARNAME ""
| #define PACKAGE_VERSION ""
| #define PACKAGE_STRING ""
| #define PACKAGE_BUGREPORT ""
| #define PACKAGE_URL ""
| #define STDC_HEADERS 1
| #define HAVE_SYS_TYPES_H 1
| #define HAVE_SYS_STAT_H 1
| #define HAVE_STDLIB_H 1
| #define HAVE_STRING_H 1
| #define HAVE_MEMORY_H 1
| #define HAVE_STRINGS_H 1
| #define HAVE_INTTYPES_H 1
| #define HAVE_STDINT_H 1
| #define HAVE_UNISTD_H 1
| #define __EXTENSIONS__ 1
| #define _ALL_SOURCE 1
| #define _GNU_SOURCE 1
| #define _POSIX_PTHREAD_SEMANTICS 1
| #define _TANDEM_SOURCE 1
| /* end confdefs.h.  */
| int foo;
configure:6159: result: no
configure:6169: checking whether gcc supports -Wint-conversion
configure:6177: gcc -c -g -O2 -pipe -ffast-math -fvisibility=hidden -Wall -Wextra -Wno-sign-compare -march=i686 -Wno-unused-parameter -Wno-clobbered -Wempty-body -Werror -Wint-conversion  -DMAXCONN=16384 -I../common -DHAS_TLS conftest.c >&5
cc1: error: unrecognized command line option "-Wint-conversion"
configure:6177: $? = 1
configure: failed program was:
| /* confdefs.h */
| #define PACKAGE_NAME ""
| #define PACKAGE_TARNAME ""
| #define PACKAGE_VERSION ""
| #define PACKAGE_STRING ""
| #define PACKAGE_BUGREPORT ""
| #define PACKAGE_URL ""
| #define STDC_HEADERS 1
| #define HAVE_SYS_TYPES_H 1
| #define HAVE_SYS_STAT_H 1
| #define HAVE_STDLIB_H 1
| #define HAVE_STRING_H 1
| #define HAVE_MEMORY_H 1
| #define HAVE_STRINGS_H 1
| #define HAVE_INTTYPES_H 1
| #define HAVE_STDINT_H 1
| #define HAVE_UNISTD_H 1
| #define __EXTENSIONS__ 1
| #define _ALL_SOURCE 1
| #define _GNU_SOURCE 1
| #define _POSIX_PTHREAD_SEMANTICS 1
| #define _TANDEM_SOURCE 1
| /* end confdefs.h.  */
| int foo;
configure:6208: result: no
configure:6218: checking whether gcc supports -Wenum-conversion
configure:6226: gcc -c -g -O2 -pipe -ffast-math -fvisibility=hidden -Wall -Wextra -Wno-sign-compare -march=i686 -Wno-unused-parameter -Wno-clobbered -Wempty-body -Werror -Wenum-conversion  -DMAXCONN=16384 -I../common -DHAS_TLS conftest.c >&5
cc1: error: unrecognized command line option "-Wenum-conversion"
configure:6226: $? = 1
configure: failed program was:
| /* confdefs.h */
| #define PACKAGE_NAME ""
| #define PACKAGE_TARNAME ""
| #define PACKAGE_VERSION ""
| #define PACKAGE_STRING ""
| #define PACKAGE_BUGREPORT ""
| #define PACKAGE_URL ""
| #define STDC_HEADERS 1
| #define HAVE_SYS_TYPES_H 1
| #define HAVE_SYS_STAT_H 1
| #define HAVE_STDLIB_H 1
| #define HAVE_STRING_H 1
| #define HAVE_MEMORY_H 1
| #define HAVE_STRINGS_H 1
| #define HAVE_INTTYPES_H 1
| #define HAVE_STDINT_H 1
| #define HAVE_UNISTD_H 1
| #define __EXTENSIONS__ 1
| #define _ALL_SOURCE 1
| #define _GNU_SOURCE 1
| #define _POSIX_PTHREAD_SEMANTICS 1
| #define _TANDEM_SOURCE 1
| /* end confdefs.h.  */
| int foo;
configure:6257: result: no
configure:6267: checking whether gcc supports -Wshorten-64-to-32
configure:6275: gcc -c -g -O2 -pipe -ffast-math -fvisibility=hidden -Wall -Wextra -Wno-sign-compare -march=i686 -Wno-unused-parameter -Wno-clobbered -Wempty-body -Werror -Wshorten-64-to-32  -DMAXCONN=16384 -I../common -DHAS_TLS conftest.c >&5
cc1: error: unrecognized command line option "-Wshorten-64-to-32"
configure:6275: $? = 1
configure: failed program was:
| /* confdefs.h */
| #define PACKAGE_NAME ""
| #define PACKAGE_TARNAME ""
| #define PACKAGE_VERSION ""
| #define PACKAGE_STRING ""
| #define PACKAGE_BUGREPORT ""
| #define PACKAGE_URL ""
| #define STDC_HEADERS 1
| #define HAVE_SYS_TYPES_H 1
| #define HAVE_SYS_STAT_H 1
| #define HAVE_STDLIB_H 1
| #define HAVE_STRING_H 1
| #define HAVE_MEMORY_H 1
| #define HAVE_STRINGS_H 1
| #define HAVE_INTTYPES_H 1
| #define HAVE_STDINT_H 1
| #define HAVE_UNISTD_H 1
| #define __EXTENSIONS__ 1
| #define _ALL_SOURCE 1
| #define _GNU_SOURCE 1
| #define _POSIX_PTHREAD_SEMANTICS 1
| #define _TANDEM_SOURCE 1
| /* end confdefs.h.  */
| int foo;
configure:6306: result: no
configure:6316: checking whether gcc supports -Wconstant-conversion
configure:6324: gcc -c -g -O2 -pipe -ffast-math -fvisibility=hidden -Wall -Wextra -Wno-sign-compare -march=i686 -Wno-unused-parameter -Wno-clobbered -Wempty-body -Werror -Wconstant-conversion  -DMAXCONN=16384 -I../common -DHAS_TLS conftest.c >&5
cc1: error: unrecognized command line option "-Wconstant-conversion"
configure:6324: $? = 1
configure: failed program was:
| /* confdefs.h */
| #define PACKAGE_NAME ""
| #define PACKAGE_TARNAME ""
| #define PACKAGE_VERSION ""
| #define PACKAGE_STRING ""
| #define PACKAGE_BUGREPORT ""
| #define PACKAGE_URL ""
| #define STDC_HEADERS 1
| #define HAVE_SYS_TYPES_H 1
| #define HAVE_SYS_STAT_H 1
| #define HAVE_STDLIB_H 1
| #define HAVE_STRING_H 1
| #define HAVE_MEMORY_H 1
| #define HAVE_STRINGS_H 1
| #define HAVE_INTTYPES_H 1
| #define HAVE_STDINT_H 1
| #define HAVE_UNISTD_H 1
| #define __EXTENSIONS__ 1
| #define _ALL_SOURCE 1
| #define _GNU_SOURCE 1
| #define _POSIX_PTHREAD_SEMANTICS 1
| #define _TANDEM_SOURCE 1
| /* end confdefs.h.  */
| int foo;
configure:6355: result: no
configure:6365: checking whether gcc supports -Wbool-conversion
configure:6373: gcc -c -g -O2 -pipe -ffast-math -fvisibility=hidden -Wall -Wextra -Wno-sign-compare -march=i686 -Wno-unused-parameter -Wno-clobbered -Wempty-body -Werror -Wbool-conversion  -DMAXCONN=16384 -I../common -DHAS_TLS conftest.c >&5
cc1: error: unrecognized command line option "-Wbool-conversion"
configure:6373: $? = 1
configure: failed program was:
| /* confdefs.h */
| #define PACKAGE_NAME ""
| #define PACKAGE_TARNAME ""
| #define PACKAGE_VERSION ""
| #define PACKAGE_STRING ""
| #define PACKAGE_BUGREPORT ""
| #define PACKAGE_URL ""
| #define STDC_HEADERS 1
| #define HAVE_SYS_TYPES_H 1
| #define HAVE_SYS_STAT_H 1
| #define HAVE_STDLIB_H 1
| #define HAVE_STRING_H 1
| #define HAVE_MEMORY_H 1
| #define HAVE_STRINGS_H 1
| #define HAVE_INTTYPES_H 1
| #define HAVE_STDINT_H 1
| #define HAVE_UNISTD_H 1
| #define __EXTENSIONS__ 1
| #define _ALL_SOURCE 1
| #define _GNU_SOURCE 1
| #define _POSIX_PTHREAD_SEMANTICS 1
| #define _TANDEM_SOURCE 1
| /* end confdefs.h.  */
| int foo;
configure:6404: result: no
configure:6414: checking whether gcc supports -Wformat-security
configure:6422: gcc -c -g -O2 -pipe -ffast-math -fvisibility=hidden -Wall -Wextra -Wno-sign-compare -march=i686 -Wno-unused-parameter -Wno-clobbered -Wempty-body -Werror -Wformat-security  -DMAXCONN=16384 -I../common -DHAS_TLS conftest.c >&5
configure:6422: $? = 0
configure:6424: result: yes
configure:6463: checking whether gcc supports -Wno-format-nonliteral
configure:6471: gcc -c -g -O2 -pipe -ffast-math -fvisibility=hidden -Wall -Wextra -Wno-sign-compare -march=i686 -Wno-unused-parameter -Wno-clobbered -Wempty-body -Wformat-security -Werror -Wno-format-nonliteral  -DMAXCONN=16384 -I../common -DHAS_TLS conftest.c >&5
configure:6471: $? = 0
configure:6481: gcc -c -g -O2 -pipe -ffast-math -fvisibility=hidden -Wall -Wextra -Wno-sign-compare -march=i686 -Wno-unused-parameter -Wno-clobbered -Wempty-body -Wformat-security -Werror -Wformat-nonliteral  -DMAXCONN=16384 -I../common -DHAS_TLS conftest.c >&5
configure:6481: $? = 0
configure:6483: result: yes
configure:6551: checking whether gcc supports -Wno-switch
configure:6559: gcc -c -g -O2 -pipe -ffast-math -fvisibility=hidden -Wall -Wextra -Wno-sign-compare -march=i686 -Wno-unused-parameter -Wno-clobbered -Wempty-body -Wformat-security -Wno-format-nonliteral -Werror -Wno-switch  -DMAXCONN=16384 -I../common -DHAS_TLS conftest.c >&5
configure:6559: $? = 0
configure:6569: gcc -c -g -O2 -pipe -ffast-math -fvisibility=hidden -Wall -Wextra -Wno-sign-compare -march=i686 -Wno-unused-parameter -Wno-clobbered -Wempty-body -Wformat-security -Wno-format-nonliteral -Werror -Wswitch  -DMAXCONN=16384 -I../common -DHAS_TLS conftest.c >&5
configure:6569: $? = 0
configure:6571: result: yes
configure:6639: checking whether gcc supports -Wno-missing-field-initializers
configure:6647: gcc -c -g -O2 -pipe -ffast-math -fvisibility=hidden -Wall -Wextra -Wno-sign-compare -march=i686 -Wno-unused-parameter -Wno-clobbered -Wempty-body -Wformat-security -Wno-format-nonliteral -Wno-switch -Werror -Wno-missing-field-initializers  -DMAXCONN=16384 -I../common -DHAS_TLS conftest.c >&5
configure:6647: $? = 0
configure:6657: gcc -c -g -O2 -pipe -ffast-math -fvisibility=hidden -Wall -Wextra -Wno-sign-compare -march=i686 -Wno-unused-parameter -Wno-clobbered -Wempty-body -Wformat-security -Wno-format-nonliteral -Wno-switch -Werror -Wmissing-field-initializers  -DMAXCONN=16384 -I../common -DHAS_TLS conftest.c >&5
configure:6657: $? = 0
configure:6659: result: yes
configure:6732: checking whether gcc supports -Wshadow
configure:6740: gcc -c -g -O2 -pipe -ffast-math -fvisibility=hidden -Wall -Wextra -Wno-sign-compare -march=i686 -Wno-unused-parameter -Wno-clobbered -Wempty-body -Wformat-security -Wno-format-nonliteral -Wno-switch -Wno-missing-field-initializers -Werror -Wshadow  -DMAXCONN=16384 -I../common -DHAS_TLS conftest.c >&5
configure:6740: $? = 0
configure:6742: result: yes
configure:6781: checking whether gcc can efficiently use -Wshadow
configure:6797: gcc -c -g -O2 -pipe -ffast-math -fvisibility=hidden -Wall -Wextra -Wno-sign-compare -march=i686 -Wno-unused-parameter -Wno-clobbered -Wempty-body -Wformat-security -Wno-format-nonliteral -Wno-switch -Wno-missing-field-initializers -Wshadow -Werror -Wshadow  -DMAXCONN=16384 -I../common -DHAS_TLS conftest.c >&5
cc1: warnings being treated as errors
conftest.c: In function 'bar':
conftest.c:29: error: declaration of 'foo' shadows a global declaration
conftest.c:25: error: shadowed declaration is here
configure:6797: $? = 1
configure: failed program was:
| /* confdefs.h */
| #define PACKAGE_NAME ""
| #define PACKAGE_TARNAME ""
| #define PACKAGE_VERSION ""
| #define PACKAGE_STRING ""
| #define PACKAGE_BUGREPORT ""
| #define PACKAGE_URL ""
| #define STDC_HEADERS 1
| #define HAVE_SYS_TYPES_H 1
| #define HAVE_SYS_STAT_H 1
| #define HAVE_STDLIB_H 1
| #define HAVE_STRING_H 1
| #define HAVE_MEMORY_H 1
| #define HAVE_STRINGS_H 1
| #define HAVE_INTTYPES_H 1
| #define HAVE_STDINT_H 1
| #define HAVE_UNISTD_H 1
| #define __EXTENSIONS__ 1
| #define _ALL_SOURCE 1
| #define _GNU_SOURCE 1
| #define _POSIX_PTHREAD_SEMANTICS 1
| #define _TANDEM_SOURCE 1
| /* end confdefs.h.  */
| 
| 			int foo(void) {
| 				return 0;
| 			}
| 			int bar(void) {
| 				int foo = 0;
| 				return foo + 1;
| 			}
| 
configure:6805: result: no
configure:6814: checking whether gcc supports -fPIC
configure:6822: gcc -c -g -O2 -pipe -ffast-math -fvisibility=hidden -Wall -Wextra -Wno-sign-compare -march=i686 -Wno-unused-parameter -Wno-clobbered -Wempty-body -Wformat-security -Wno-format-nonliteral -Wno-switch -Wno-missing-field-initializers -fPIC  -DMAXCONN=16384 -I../common -DHAS_TLS conftest.c >&5
configure:6822: $? = 0
configure:6824: result: yes
configure:6841: checking how to make shared objects
configure:6860: gcc -o conftest -g -O2 -pipe -ffast-math -fvisibility=hidden -Wall -Wextra -Wno-sign-compare -march=i686 -Wno-unused-parameter -Wno-clobbered -Wempty-body -Wformat-security -Wno-format-nonliteral -Wno-switch -Wno-missing-field-initializers  -fPIC -shared  -DMAXCONN=16384 -I../common -DHAS_TLS  -march=i686 -rdynamic conftest.c  >&5
configure:6860: $? = 0
configure:6882: gcc -o conftest -g -O2 -pipe -ffast-math -fvisibility=hidden -Wall -Wextra -Wno-sign-compare -march=i686 -Wno-unused-parameter -Wno-clobbered -Wempty-body -Wformat-security -Wno-format-nonliteral -Wno-switch -Wno-missing-field-initializers  -fPIC -nostart  -DMAXCONN=16384 -I../common -DHAS_TLS  -march=i686 -rdynamic conftest.c  >&5
gcc: unrecognized option '-nostart'
/usr/lib/gcc/i686-redhat-linux/4.4.7/../../../crt1.o: In function `_start':
(.text+0x18): undefined reference to `main'
collect2: ld returned 1 exit status
configure:6882: $? = 1
configure: failed program was:
| /* confdefs.h */
| #define PACKAGE_NAME ""
| #define PACKAGE_TARNAME ""
| #define PACKAGE_VERSION ""
| #define PACKAGE_STRING ""
| #define PACKAGE_BUGREPORT ""
| #define PACKAGE_URL ""
| #define STDC_HEADERS 1
| #define HAVE_SYS_TYPES_H 1
| #define HAVE_SYS_STAT_H 1
| #define HAVE_STDLIB_H 1
| #define HAVE_STRING_H 1
| #define HAVE_MEMORY_H 1
| #define HAVE_STRINGS_H 1
| #define HAVE_INTTYPES_H 1
| #define HAVE_STDINT_H 1
| #define HAVE_UNISTD_H 1
| #define __EXTENSIONS__ 1
| #define _ALL_SOURCE 1
| #define _GNU_SOURCE 1
| #define _POSIX_PTHREAD_SEMANTICS 1
| #define _TANDEM_SOURCE 1
| /* end confdefs.h.  */
| 
| 		int bar = 0;
| 
| 		int foo(void)
| 		{
| 			return bar;
| 		}
| 
configure:6899: result: -shared yes
configure:6908: checking whether gcc needs -Wl,--no-undefined to check for undefined references in shared objects
configure:6920: gcc -o conftest  -fPIC -shared  -DMAXCONN=16384 -I../common -DHAS_TLS  -march=i686 -rdynamic conftest.c  >&5
configure:6920: $? = 0
configure:6933: gcc -o conftest  -fPIC -shared -Wl,--no-undefined  -DMAXCONN=16384 -I../common -DHAS_TLS  -march=i686 -rdynamic conftest.c  >&5
configure:6933: $? = 0
configure:6935: result: yes
configure:6968: checking whether gcc supports -fno-strict-aliasing
configure:6976: gcc -c -g -O2 -pipe -ffast-math -fvisibility=hidden -Wall -Wextra -Wno-sign-compare -march=i686 -Wno-unused-parameter -Wno-clobbered -Wempty-body -Wformat-security -Wno-format-nonliteral -Wno-switch -Wno-missing-field-initializers -fno-strict-aliasing  -DMAXCONN=16384 -I../common -DHAS_TLS conftest.c >&5
configure:6976: $? = 0
configure:6977: result: yes
configure:6998: checking for setrlimit
configure:6998: gcc -o conftest -g -O2 -pipe -ffast-math -fvisibility=hidden -Wall -Wextra -Wno-sign-compare -march=i686 -Wno-unused-parameter -Wno-clobbered -Wempty-body -Wformat-security -Wno-format-nonliteral -Wno-switch -Wno-missing-field-initializers -fno-strict-aliasing  -DMAXCONN=16384 -I../common -DHAS_TLS  -march=i686 -rdynamic conftest.c  >&5
configure:6998: $? = 0
configure:6998: result: yes
configure:7008: checking for strnlen
configure:7008: gcc -o conftest -g -O2 -pipe -ffast-math -fvisibility=hidden -Wall -Wextra -Wno-sign-compare -march=i686 -Wno-unused-parameter -Wno-clobbered -Wempty-body -Wformat-security -Wno-format-nonliteral -Wno-switch -Wno-missing-field-initializers -fno-strict-aliasing  -DMAXCONN=16384 -I../common -DHAS_TLS -DHAVE_SETRLIMIT  -march=i686 -rdynamic conftest.c  >&5
configure:7008: $? = 0
configure:7008: result: yes
configure:7017: checking for uselocale
configure:7017: gcc -o conftest -g -O2 -pipe -ffast-math -fvisibility=hidden -Wall -Wextra -Wno-sign-compare -march=i686 -Wno-unused-parameter -Wno-clobbered -Wempty-body -Wformat-security -Wno-format-nonliteral -Wno-switch -Wno-missing-field-initializers -fno-strict-aliasing  -DMAXCONN=16384 -I../common -DHAS_TLS -DHAVE_SETRLIMIT -DHAVE_STRNLEN  -march=i686 -rdynamic conftest.c  >&5
configure:7017: $? = 0
configure:7017: result: yes
configure:7028: checking for newlocale
configure:7028: gcc -o conftest -g -O2 -pipe -ffast-math -fvisibility=hidden -Wall -Wextra -Wno-sign-compare -march=i686 -Wno-unused-parameter -Wno-clobbered -Wempty-body -Wformat-security -Wno-format-nonliteral -Wno-switch -Wno-missing-field-initializers -fno-strict-aliasing  -DMAXCONN=16384 -I../common -DHAS_TLS -DHAVE_SETRLIMIT -DHAVE_STRNLEN  -march=i686 -rdynamic conftest.c  >&5
configure:7028: $? = 0
configure:7028: result: yes
configure:7039: checking for freelocale
configure:7039: gcc -o conftest -g -O2 -pipe -ffast-math -fvisibility=hidden -Wall -Wextra -Wno-sign-compare -march=i686 -Wno-unused-parameter -Wno-clobbered -Wempty-body -Wformat-security -Wno-format-nonliteral -Wno-switch -Wno-missing-field-initializers -fno-strict-aliasing  -DMAXCONN=16384 -I../common -DHAS_TLS -DHAVE_SETRLIMIT -DHAVE_STRNLEN  -march=i686 -rdynamic conftest.c  >&5
configure:7039: $? = 0
configure:7039: result: yes
configure:7050: checking xlocale.h usability
configure:7050: gcc -c -g -O2 -pipe -ffast-math -fvisibility=hidden -Wall -Wextra -Wno-sign-compare -march=i686 -Wno-unused-parameter -Wno-clobbered -Wempty-body -Wformat-security -Wno-format-nonliteral -Wno-switch -Wno-missing-field-initializers -fno-strict-aliasing  -DMAXCONN=16384 -I../common -DHAS_TLS -DHAVE_SETRLIMIT -DHAVE_STRNLEN conftest.c >&5
configure:7050: $? = 0
configure:7050: result: yes
configure:7050: checking xlocale.h presence
configure:7050: gcc -E  -DMAXCONN=16384 -I../common -DHAS_TLS -DHAVE_SETRLIMIT -DHAVE_STRNLEN conftest.c
configure:7050: $? = 0
configure:7050: result: yes
configure:7050: checking for xlocale.h
configure:7050: result: yes
configure:7209: checking host OS
configure:7212: result: Linux
configure:7240: checking for MinGW
configure:7251: result: no
configure:7264: checking for library containing inflateEnd
configure:7295: gcc -o conftest -g -O2 -pipe -ffast-math -fvisibility=hidden -Wall -Wextra -Wno-sign-compare -march=i686 -Wno-unused-parameter -Wno-clobbered -Wempty-body -Wformat-security -Wno-format-nonliteral -Wno-switch -Wno-missing-field-initializers -fno-strict-aliasing -g  -DMAXCONN=16384 -I../common -DHAS_TLS -DHAVE_SETRLIMIT -DHAVE_STRNLEN -DDEBUG -I/usr/include  -march=i686 -rdynamic -L/usr/lib conftest.c  -ldl >&5
/tmp/cctyyaZV.o: In function `main':
/home/emulador/conftest.c:39: undefined reference to `inflateEnd'
collect2: ld returned 1 exit status
configure:7295: $? = 1
configure: failed program was:
| /* confdefs.h */
| #define PACKAGE_NAME ""
| #define PACKAGE_TARNAME ""
| #define PACKAGE_VERSION ""
| #define PACKAGE_STRING ""
| #define PACKAGE_BUGREPORT ""
| #define PACKAGE_URL ""
| #define STDC_HEADERS 1
| #define HAVE_SYS_TYPES_H 1
| #define HAVE_SYS_STAT_H 1
| #define HAVE_STDLIB_H 1
| #define HAVE_STRING_H 1
| #define HAVE_MEMORY_H 1
| #define HAVE_STRINGS_H 1
| #define HAVE_INTTYPES_H 1
| #define HAVE_STDINT_H 1
| #define HAVE_UNISTD_H 1
| #define __EXTENSIONS__ 1
| #define _ALL_SOURCE 1
| #define _GNU_SOURCE 1
| #define _POSIX_PTHREAD_SEMANTICS 1
| #define _TANDEM_SOURCE 1
| #define HAVE_USELOCALE 1
| #define HAVE_NEWLOCALE 1
| #define HAVE_FREELOCALE 1
| #define HAVE_XLOCALE_H 1
| /* end confdefs.h.  */
| 
| /* Override any GCC internal prototype to avoid an error.
|    Use char because int might match the return type of a GCC
|    builtin and then its argument prototype would still apply.  */
| #ifdef __cplusplus
| extern "C"
| #endif
| char inflateEnd ();
| int
| main ()
| {
| return inflateEnd ();
|   ;
|   return 0;
| }
configure:7295: gcc -o conftest -g -O2 -pipe -ffast-math -fvisibility=hidden -Wall -Wextra -Wno-sign-compare -march=i686 -Wno-unused-parameter -Wno-clobbered -Wempty-body -Wformat-security -Wno-format-nonliteral -Wno-switch -Wno-missing-field-initializers -fno-strict-aliasing -g  -DMAXCONN=16384 -I../common -DHAS_TLS -DHAVE_SETRLIMIT -DHAVE_STRNLEN -DDEBUG -I/usr/include  -march=i686 -rdynamic -L/usr/lib conftest.c -lz   -ldl >&5
configure:7295: $? = 0
configure:7312: result: -lz
configure:7322: checking zlib.h usability
configure:7322: gcc -c -g -O2 -pipe -ffast-math -fvisibility=hidden -Wall -Wextra -Wno-sign-compare -march=i686 -Wno-unused-parameter -Wno-clobbered -Wempty-body -Wformat-security -Wno-format-nonliteral -Wno-switch -Wno-missing-field-initializers -fno-strict-aliasing -g  -DMAXCONN=16384 -I../common -DHAS_TLS -DHAVE_SETRLIMIT -DHAVE_STRNLEN -DDEBUG -I/usr/include conftest.c >&5
configure:7322: $? = 0
configure:7322: result: yes
configure:7322: checking zlib.h presence
configure:7322: gcc -E  -DMAXCONN=16384 -I../common -DHAS_TLS -DHAVE_SETRLIMIT -DHAVE_STRNLEN -DDEBUG -I/usr/include conftest.c
configure:7322: $? = 0
configure:7322: result: yes
configure:7322: checking for zlib.h
configure:7322: result: yes
configure:7335: checking for library containing sqrt
configure:7366: gcc -o conftest -g -O2 -pipe -ffast-math -fvisibility=hidden -Wall -Wextra -Wno-sign-compare -march=i686 -Wno-unused-parameter -Wno-clobbered -Wempty-body -Wformat-security -Wno-format-nonliteral -Wno-switch -Wno-missing-field-initializers -fno-strict-aliasing -g  -DMAXCONN=16384 -I../common -DHAS_TLS -DHAVE_SETRLIMIT -DHAVE_STRNLEN -DDEBUG -I/usr/include  -march=i686 -rdynamic -L/usr/lib conftest.c -lz  -ldl >&5
conftest.c:35: warning: conflicting types for built-in function 'sqrt'
/tmp/ccXVpEId.o: In function `main':
/home/emulador/conftest.c:39: undefined reference to `sqrt'
collect2: ld returned 1 exit status
configure:7366: $? = 1
configure: failed program was:
| /* confdefs.h */
| #define PACKAGE_NAME ""
| #define PACKAGE_TARNAME ""
| #define PACKAGE_VERSION ""
| #define PACKAGE_STRING ""
| #define PACKAGE_BUGREPORT ""
| #define PACKAGE_URL ""
| #define STDC_HEADERS 1
| #define HAVE_SYS_TYPES_H 1
| #define HAVE_SYS_STAT_H 1
| #define HAVE_STDLIB_H 1
| #define HAVE_STRING_H 1
| #define HAVE_MEMORY_H 1
| #define HAVE_STRINGS_H 1
| #define HAVE_INTTYPES_H 1
| #define HAVE_STDINT_H 1
| #define HAVE_UNISTD_H 1
| #define __EXTENSIONS__ 1
| #define _ALL_SOURCE 1
| #define _GNU_SOURCE 1
| #define _POSIX_PTHREAD_SEMANTICS 1
| #define _TANDEM_SOURCE 1
| #define HAVE_USELOCALE 1
| #define HAVE_NEWLOCALE 1
| #define HAVE_FREELOCALE 1
| #define HAVE_XLOCALE_H 1
| /* end confdefs.h.  */
| 
| /* Override any GCC internal prototype to avoid an error.
|    Use char because int might match the return type of a GCC
|    builtin and then its argument prototype would still apply.  */
| #ifdef __cplusplus
| extern "C"
| #endif
| char sqrt ();
| int
| main ()
| {
| return sqrt ();
|   ;
|   return 0;
| }
configure:7366: gcc -o conftest -g -O2 -pipe -ffast-math -fvisibility=hidden -Wall -Wextra -Wno-sign-compare -march=i686 -Wno-unused-parameter -Wno-clobbered -Wempty-body -Wformat-security -Wno-format-nonliteral -Wno-switch -Wno-missing-field-initializers -fno-strict-aliasing -g  -DMAXCONN=16384 -I../common -DHAS_TLS -DHAVE_SETRLIMIT -DHAVE_STRNLEN -DDEBUG -I/usr/include  -march=i686 -rdynamic -L/usr/lib conftest.c -lm  -lz  -ldl >&5
conftest.c:35: warning: conflicting types for built-in function 'sqrt'
configure:7366: $? = 0
configure:7383: result: -lm
configure:7398: checking for library containing clock_gettime
configure:7429: gcc -o conftest -g -O2 -pipe -ffast-math -fvisibility=hidden -Wall -Wextra -Wno-sign-compare -march=i686 -Wno-unused-parameter -Wno-clobbered -Wempty-body -Wformat-security -Wno-format-nonliteral -Wno-switch -Wno-missing-field-initializers -fno-strict-aliasing -g  -DMAXCONN=16384 -I../common -DHAS_TLS -DHAVE_SETRLIMIT -DHAVE_STRNLEN -DDEBUG -I/usr/include  -march=i686 -rdynamic -L/usr/lib conftest.c -lm -lz  -ldl >&5
/tmp/ccBGL5rk.o: In function `main':
/home/emulador/conftest.c:39: undefined reference to `clock_gettime'
collect2: ld returned 1 exit status
configure:7429: $? = 1
configure: failed program was:
| /* confdefs.h */
| #define PACKAGE_NAME ""
| #define PACKAGE_TARNAME ""
| #define PACKAGE_VERSION ""
| #define PACKAGE_STRING ""
| #define PACKAGE_BUGREPORT ""
| #define PACKAGE_URL ""
| #define STDC_HEADERS 1
| #define HAVE_SYS_TYPES_H 1
| #define HAVE_SYS_STAT_H 1
| #define HAVE_STDLIB_H 1
| #define HAVE_STRING_H 1
| #define HAVE_MEMORY_H 1
| #define HAVE_STRINGS_H 1
| #define HAVE_INTTYPES_H 1
| #define HAVE_STDINT_H 1
| #define HAVE_UNISTD_H 1
| #define __EXTENSIONS__ 1
| #define _ALL_SOURCE 1
| #define _GNU_SOURCE 1
| #define _POSIX_PTHREAD_SEMANTICS 1
| #define _TANDEM_SOURCE 1
| #define HAVE_USELOCALE 1
| #define HAVE_NEWLOCALE 1
| #define HAVE_FREELOCALE 1
| #define HAVE_XLOCALE_H 1
| /* end confdefs.h.  */
| 
| /* Override any GCC internal prototype to avoid an error.
|    Use char because int might match the return type of a GCC
|    builtin and then its argument prototype would still apply.  */
| #ifdef __cplusplus
| extern "C"
| #endif
| char clock_gettime ();
| int
| main ()
| {
| return clock_gettime ();
|   ;
|   return 0;
| }
configure:7429: gcc -o conftest -g -O2 -pipe -ffast-math -fvisibility=hidden -Wall -Wextra -Wno-sign-compare -march=i686 -Wno-unused-parameter -Wno-clobbered -Wempty-body -Wformat-security -Wno-format-nonliteral -Wno-switch -Wno-missing-field-initializers -fno-strict-aliasing -g  -DMAXCONN=16384 -I../common -DHAS_TLS -DHAVE_SETRLIMIT -DHAVE_STRNLEN -DDEBUG -I/usr/include  -march=i686 -rdynamic -L/usr/lib conftest.c -lrt  -lm -lz  -ldl >&5
configure:7429: $? = 0
configure:7446: result: -lrt
configure:7465: checking whether CLOCK_MONOTONIC is supported and works
configure:7488: gcc -o conftest -g -O2 -pipe -ffast-math -fvisibility=hidden -Wall -Wextra -Wno-sign-compare -march=i686 -Wno-unused-parameter -Wno-clobbered -Wempty-body -Wformat-security -Wno-format-nonliteral -Wno-switch -Wno-missing-field-initializers -fno-strict-aliasing -g  -DMAXCONN=16384 -I../common -DHAS_TLS -DHAVE_SETRLIMIT -DHAVE_STRNLEN -DDEBUG -I/usr/include  -march=i686 -rdynamic -L/usr/lib conftest.c -lrt -lm -lz  -ldl >&5
configure:7488: $? = 0
configure:7488: ./conftest
configure:7488: $? = 0
configure:7490: result: yes
configure:7512: checking for library containing pthread_create
configure:7543: gcc -o conftest -g -O2 -pipe -ffast-math -fvisibility=hidden -Wall -Wextra -Wno-sign-compare -march=i686 -Wno-unused-parameter -Wno-clobbered -Wempty-body -Wformat-security -Wno-format-nonliteral -Wno-switch -Wno-missing-field-initializers -fno-strict-aliasing -g  -DMAXCONN=16384 -I../common -DHAS_TLS -DHAVE_SETRLIMIT -DHAVE_STRNLEN -DDEBUG -I/usr/include -DHAVE_MONOTONIC_CLOCK  -march=i686 -rdynamic -L/usr/lib conftest.c -lrt -lm -lz  -ldl >&5
configure:7543: $? = 0
configure:7560: result: none required
configure:7570: checking for library containing pthread_sigmask
configure:7601: gcc -o conftest -g -O2 -pipe -ffast-math -fvisibility=hidden -Wall -Wextra -Wno-sign-compare -march=i686 -Wno-unused-parameter -Wno-clobbered -Wempty-body -Wformat-security -Wno-format-nonliteral -Wno-switch -Wno-missing-field-initializers -fno-strict-aliasing -g  -DMAXCONN=16384 -I../common -DHAS_TLS -DHAVE_SETRLIMIT -DHAVE_STRNLEN -DDEBUG -I/usr/include -DHAVE_MONOTONIC_CLOCK  -march=i686 -rdynamic -L/usr/lib conftest.c -lrt -lm -lz  -ldl >&5
configure:7601: $? = 0
configure:7618: result: none required
configure:7628: checking for library containing pthread_attr_init
configure:7659: gcc -o conftest -g -O2 -pipe -ffast-math -fvisibility=hidden -Wall -Wextra -Wno-sign-compare -march=i686 -Wno-unused-parameter -Wno-clobbered -Wempty-body -Wformat-security -Wno-format-nonliteral -Wno-switch -Wno-missing-field-initializers -fno-strict-aliasing -g  -DMAXCONN=16384 -I../common -DHAS_TLS -DHAVE_SETRLIMIT -DHAVE_STRNLEN -DDEBUG -I/usr/include -DHAVE_MONOTONIC_CLOCK  -march=i686 -rdynamic -L/usr/lib conftest.c -lrt -lm -lz  -ldl >&5
configure:7659: $? = 0
configure:7676: result: none required
configure:7686: checking for library containing pthread_attr_setstacksize
configure:7717: gcc -o conftest -g -O2 -pipe -ffast-math -fvisibility=hidden -Wall -Wextra -Wno-sign-compare -march=i686 -Wno-unused-parameter -Wno-clobbered -Wempty-body -Wformat-security -Wno-format-nonliteral -Wno-switch -Wno-missing-field-initializers -fno-strict-aliasing -g  -DMAXCONN=16384 -I../common -DHAS_TLS -DHAVE_SETRLIMIT -DHAVE_STRNLEN -DDEBUG -I/usr/include -DHAVE_MONOTONIC_CLOCK  -march=i686 -rdynamic -L/usr/lib conftest.c -lrt -lm -lz  -ldl >&5
configure:7717: $? = 0
configure:7734: result: none required
configure:7744: checking for library containing pthread_attr_destroy
configure:7775: gcc -o conftest -g -O2 -pipe -ffast-math -fvisibility=hidden -Wall -Wextra -Wno-sign-compare -march=i686 -Wno-unused-parameter -Wno-clobbered -Wempty-body -Wformat-security -Wno-format-nonliteral -Wno-switch -Wno-missing-field-initializers -fno-strict-aliasing -g  -DMAXCONN=16384 -I../common -DHAS_TLS -DHAVE_SETRLIMIT -DHAVE_STRNLEN -DDEBUG -I/usr/include -DHAVE_MONOTONIC_CLOCK  -march=i686 -rdynamic -L/usr/lib conftest.c -lrt -lm -lz  -ldl >&5
configure:7775: $? = 0
configure:7792: result: none required
configure:7802: checking for library containing pthread_cancel
configure:7833: gcc -o conftest -g -O2 -pipe -ffast-math -fvisibility=hidden -Wall -Wextra -Wno-sign-compare -march=i686 -Wno-unused-parameter -Wno-clobbered -Wempty-body -Wformat-security -Wno-format-nonliteral -Wno-switch -Wno-missing-field-initializers -fno-strict-aliasing -g  -DMAXCONN=16384 -I../common -DHAS_TLS -DHAVE_SETRLIMIT -DHAVE_STRNLEN -DDEBUG -I/usr/include -DHAVE_MONOTONIC_CLOCK  -march=i686 -rdynamic -L/usr/lib conftest.c -lrt -lm -lz  -ldl >&5
configure:7833: $? = 0
configure:7850: result: none required
configure:7860: checking for library containing pthread_join
configure:7891: gcc -o conftest -g -O2 -pipe -ffast-math -fvisibility=hidden -Wall -Wextra -Wno-sign-compare -march=i686 -Wno-unused-parameter -Wno-clobbered -Wempty-body -Wformat-security -Wno-format-nonliteral -Wno-switch -Wno-missing-field-initializers -fno-strict-aliasing -g  -DMAXCONN=16384 -I../common -DHAS_TLS -DHAVE_SETRLIMIT -DHAVE_STRNLEN -DDEBUG -I/usr/include -DHAVE_MONOTONIC_CLOCK  -march=i686 -rdynamic -L/usr/lib conftest.c -lrt -lm -lz  -ldl >&5
configure:7891: $? = 0
configure:7908: result: none required
configure:7922: checking execinfo.h usability
configure:7922: gcc -c -g -O2 -pipe -ffast-math -fvisibility=hidden -Wall -Wextra -Wno-sign-compare -march=i686 -Wno-unused-parameter -Wno-clobbered -Wempty-body -Wformat-security -Wno-format-nonliteral -Wno-switch -Wno-missing-field-initializers -fno-strict-aliasing -g  -DMAXCONN=16384 -I../common -DHAS_TLS -DHAVE_SETRLIMIT -DHAVE_STRNLEN -DDEBUG -I/usr/include -DHAVE_MONOTONIC_CLOCK conftest.c >&5
configure:7922: $? = 0
configure:7922: result: yes
configure:7922: checking execinfo.h presence
configure:7922: gcc -E  -DMAXCONN=16384 -I../common -DHAS_TLS -DHAVE_SETRLIMIT -DHAVE_STRNLEN -DDEBUG -I/usr/include -DHAVE_MONOTONIC_CLOCK conftest.c
configure:7922: $? = 0
configure:7922: result: yes
configure:7922: checking for execinfo.h
configure:7922: result: yes
configure:7928: checking for library containing backtrace
configure:7959: gcc -o conftest -g -O2 -pipe -ffast-math -fvisibility=hidden -Wall -Wextra -Wno-sign-compare -march=i686 -Wno-unused-parameter -Wno-clobbered -Wempty-body -Wformat-security -Wno-format-nonliteral -Wno-switch -Wno-missing-field-initializers -fno-strict-aliasing -g  -DMAXCONN=16384 -I../common -DHAS_TLS -DHAVE_SETRLIMIT -DHAVE_STRNLEN -DDEBUG -I/usr/include -DHAVE_MONOTONIC_CLOCK  -march=i686 -rdynamic -L/usr/lib conftest.c -lrt -lm -lz  -ldl >&5
configure:7959: $? = 0
configure:7976: result: none required
configure:7999: checking for mysql_config
configure:8017: found /usr/bin/mysql_config
configure:8030: result: /usr/bin/mysql_config
configure:8054: checking for mysql_init
configure:8054: gcc -o conftest -g -O2 -pipe -ffast-math -fvisibility=hidden -Wall -Wextra -Wno-sign-compare -march=i686 -Wno-unused-parameter -Wno-clobbered -Wempty-body -Wformat-security -Wno-format-nonliteral -Wno-switch -Wno-missing-field-initializers -fno-strict-aliasing -g -DHAVE_EXECINFO  -DMAXCONN=16384 -I../common -DHAS_TLS -DHAVE_SETRLIMIT -DHAVE_STRNLEN -DDEBUG -I/usr/include -DHAVE_MONOTONIC_CLOCK -I/usr/include/mysql  -march=i686 -rdynamic -L/usr/lib conftest.c -lrt -lm -lz  -ldl -rdynamic -L/usr/lib/mysql -lmysqlclient -lz -lcrypt -lnsl -lm -lssl -lcrypto >&5
configure:8054: $? = 0
configure:8054: result: yes
configure:8059: checking mysql.h usability
configure:8059: gcc -c -g -O2 -pipe -ffast-math -fvisibility=hidden -Wall -Wextra -Wno-sign-compare -march=i686 -Wno-unused-parameter -Wno-clobbered -Wempty-body -Wformat-security -Wno-format-nonliteral -Wno-switch -Wno-missing-field-initializers -fno-strict-aliasing -g -DHAVE_EXECINFO  -DMAXCONN=16384 -I../common -DHAS_TLS -DHAVE_SETRLIMIT -DHAVE_STRNLEN -DDEBUG -I/usr/include -DHAVE_MONOTONIC_CLOCK -I/usr/include/mysql conftest.c >&5
configure:8059: $? = 0
configure:8059: result: yes
configure:8059: checking mysql.h presence
configure:8059: gcc -E  -DMAXCONN=16384 -I../common -DHAS_TLS -DHAVE_SETRLIMIT -DHAVE_STRNLEN -DDEBUG -I/usr/include -DHAVE_MONOTONIC_CLOCK -I/usr/include/mysql conftest.c
configure:8059: $? = 0
configure:8059: result: yes
configure:8059: checking for mysql.h
configure:8059: result: yes
configure:8070: checking MySQL library (required)
configure:8073: result: yes (5.1.73)
configure:8091: checking PCRE library
configure:8093: checking for pcre_study in -lpcre
configure:8118: gcc -o conftest -g -O2 -pipe -ffast-math -fvisibility=hidden -Wall -Wextra -Wno-sign-compare -march=i686 -Wno-unused-parameter -Wno-clobbered -Wempty-body -Wformat-security -Wno-format-nonliteral -Wno-switch -Wno-missing-field-initializers -fno-strict-aliasing -g -DHAVE_EXECINFO  -DMAXCONN=16384 -I../common -DHAS_TLS -DHAVE_SETRLIMIT -DHAVE_STRNLEN -DDEBUG -I/usr/include -DHAVE_MONOTONIC_CLOCK  -march=i686 -rdynamic -L/usr/lib conftest.c -lpcre  -lrt -lm -lz  -ldl >&5
configure:8118: $? = 0
configure:8127: result: yes
configure:8393: creating ./config.status

## ---------------------- ##
## Running config.status. ##
## ---------------------- ##

This file was extended by config.status, which was
generated by GNU Autoconf 2.69.  Invocation command line was

  CONFIG_FILES    = 
  CONFIG_HEADERS  = 
  CONFIG_LINKS    = 
  CONFIG_COMMANDS = 
  $ ./config.status 

on localhost.localdomain

config.status:745: creating Makefile
config.status:745: creating src/common/Makefile
config.status:745: creating 3rdparty/mt19937ar/Makefile
config.status:745: creating 3rdparty/libconfig/Makefile
config.status:745: creating src/char/Makefile
config.status:745: creating src/login/Makefile
config.status:745: creating src/map/Makefile
config.status:745: creating src/tool/Makefile

## ---------------- ##
## Cache variables. ##
## ---------------- ##

ac_cv_c_bigendian=no
ac_cv_c_compiler_gnu=yes
ac_cv_env_CC_set=
ac_cv_env_CC_value=
ac_cv_env_CFLAGS_set=
ac_cv_env_CFLAGS_value=
ac_cv_env_CPPFLAGS_set=
ac_cv_env_CPPFLAGS_value=
ac_cv_env_CPP_set=
ac_cv_env_CPP_value=
ac_cv_env_LDFLAGS_set=
ac_cv_env_LDFLAGS_value=
ac_cv_env_LIBS_set=
ac_cv_env_LIBS_value=
ac_cv_env_build_alias_set=
ac_cv_env_build_alias_value=
ac_cv_env_host_alias_set=
ac_cv_env_host_alias_value=
ac_cv_env_target_alias_set=
ac_cv_env_target_alias_value=
ac_cv_func_freelocale=yes
ac_cv_func_mysql_init=yes
ac_cv_func_newlocale=yes
ac_cv_func_setrlimit=yes
ac_cv_func_strnlen=yes
ac_cv_func_uselocale=yes
ac_cv_header_execinfo_h=yes
ac_cv_header_inttypes_h=yes
ac_cv_header_memory_h=yes
ac_cv_header_minix_config_h=no
ac_cv_header_mysql_h=yes
ac_cv_header_stdc=yes
ac_cv_header_stdint_h=yes
ac_cv_header_stdlib_h=yes
ac_cv_header_string_h=yes
ac_cv_header_strings_h=yes
ac_cv_header_sys_stat_h=yes
ac_cv_header_sys_types_h=yes
ac_cv_header_unistd_h=yes
ac_cv_header_xlocale_h=yes
ac_cv_header_zlib_h=yes
ac_cv_lib_pcre_pcre_study=yes
ac_cv_objext=o
ac_cv_path_AR=/usr/bin/ar
ac_cv_path_EGREP='/bin/grep -E'
ac_cv_path_GREP=/bin/grep
ac_cv_path_MYSQL_CONFIG_HOME=/usr/bin/mysql_config
ac_cv_prog_CPP='gcc -E'
ac_cv_prog_ac_ct_CC=gcc
ac_cv_prog_cc_c89=
ac_cv_prog_cc_g=yes
ac_cv_prog_make_make_set=yes
ac_cv_safe_to_define___extensions__=yes
ac_cv_search_backtrace='none required'
ac_cv_search_clock_gettime=-lrt
ac_cv_search_inflateEnd=-lz
ac_cv_search_pthread_attr_destroy='none required'
ac_cv_search_pthread_attr_init='none required'
ac_cv_search_pthread_attr_setstacksize='none required'
ac_cv_search_pthread_cancel='none required'
ac_cv_search_pthread_create='none required'
ac_cv_search_pthread_join='none required'
ac_cv_search_pthread_sigmask='none required'
ac_cv_search_sqrt=-lm

## ----------------- ##
## Output variables. ##
## ----------------- ##

AR='/usr/bin/ar'
CC='gcc'
CFLAGS='-g -O2 -pipe -ffast-math -fvisibility=hidden -Wall -Wextra -Wno-sign-compare -march=i686 -Wno-unused-parameter -Wno-clobbered -Wempty-body -Wformat-security -Wno-format-nonliteral -Wno-switch -Wno-missing-field-initializers -fno-strict-aliasing -g -DHAVE_EXECINFO'
CPP='gcc -E'
CPPFLAGS=' -DMAXCONN=16384 -I../common -DHAS_TLS -DHAVE_SETRLIMIT -DHAVE_STRNLEN -DDEBUG -I/usr/include -DHAVE_MONOTONIC_CLOCK'
DEFS='-DPACKAGE_NAME=\"\" -DPACKAGE_TARNAME=\"\" -DPACKAGE_VERSION=\"\" -DPACKAGE_STRING=\"\" -DPACKAGE_BUGREPORT=\"\" -DPACKAGE_URL=\"\" -DSTDC_HEADERS=1 -DHAVE_SYS_TYPES_H=1 -DHAVE_SYS_STAT_H=1 -DHAVE_STDLIB_H=1 -DHAVE_STRING_H=1 -DHAVE_MEMORY_H=1 -DHAVE_STRINGS_H=1 -DHAVE_INTTYPES_H=1 -DHAVE_STDINT_H=1 -DHAVE_UNISTD_H=1 -D__EXTENSIONS__=1 -D_ALL_SOURCE=1 -D_GNU_SOURCE=1 -D_POSIX_PTHREAD_SEMANTICS=1 -D_TANDEM_SOURCE=1 -DHAVE_USELOCALE=1 -DHAVE_NEWLOCALE=1 -DHAVE_FREELOCALE=1 -DHAVE_XLOCALE_H=1 -DHAVE_EXECINFO_H=1 -DHAVE_LIBPCRE=1'
DLLEXT='.so'
ECHO_C=''
ECHO_N='-n'
ECHO_T=''
EGREP='/bin/grep -E'
EXEEXT=''
GREP='/bin/grep'
HAVE_MYSQL='yes'
LDFLAGS=' -march=i686 -rdynamic -L/usr/lib'
LIBOBJS=''
LIBS='-lpcre -lrt -lm -lz  -ldl'
LTLIBOBJS=''
MYSQL_CFLAGS='-I/usr/include/mysql'
MYSQL_CONFIG_HOME='/usr/bin/mysql_config'
MYSQL_LIBS='-rdynamic -L/usr/lib/mysql -lmysqlclient -lz -lcrypt -lnsl -lm -lssl -lcrypto'
MYSQL_VERSION='5.1.73'
OBJEXT='o'
PACKAGE_BUGREPORT=''
PACKAGE_NAME=''
PACKAGE_STRING=''
PACKAGE_TARNAME=''
PACKAGE_URL=''
PACKAGE_VERSION=''
PATH_SEPARATOR=':'
PLUGINSTATIC=''
SET_MAKE=''
SHELL='/bin/sh'
SOFLAGS=' -fPIC -shared -Wl,--no-undefined'
STATIC=''
WITH_PLUGINS=''
ac_ct_CC='gcc'
bindir='${exec_prefix}/bin'
build_alias=''
datadir='${datarootdir}'
datarootdir='${prefix}/share'
docdir='${datarootdir}/doc/${PACKAGE}'
dvidir='${docdir}'
exec_prefix='${prefix}'
host_alias=''
htmldir='${docdir}'
includedir='${prefix}/include'
infodir='${datarootdir}/info'
libdir='${exec_prefix}/lib'
libexecdir='${exec_prefix}/libexec'
localedir='${datarootdir}/locale'
localstatedir='${prefix}/var'
mandir='${datarootdir}/man'
oldincludedir='/usr/include'
pdfdir='${docdir}'
prefix='/usr/local'
program_transform_name='s,x,x,'
psdir='${docdir}'
runstatedir='${localstatedir}/run'
sbindir='${exec_prefix}/sbin'
sharedstatedir='${prefix}/com'
sysconfdir='${prefix}/etc'
target_alias=''

## ----------- ##
## confdefs.h. ##
## ----------- ##

/* confdefs.h */
#define PACKAGE_NAME ""
#define PACKAGE_TARNAME ""
#define PACKAGE_VERSION ""
#define PACKAGE_STRING ""
#define PACKAGE_BUGREPORT ""
#define PACKAGE_URL ""
#define STDC_HEADERS 1
#define HAVE_SYS_TYPES_H 1
#define HAVE_SYS_STAT_H 1
#define HAVE_STDLIB_H 1
#define HAVE_STRING_H 1
#define HAVE_MEMORY_H 1
#define HAVE_STRINGS_H 1
#define HAVE_INTTYPES_H 1
#define HAVE_STDINT_H 1
#define HAVE_UNISTD_H 1
#define __EXTENSIONS__ 1
#define _ALL_SOURCE 1
#define _GNU_SOURCE 1
#define _POSIX_PTHREAD_SEMANTICS 1
#define _TANDEM_SOURCE 1
#define HAVE_USELOCALE 1
#define HAVE_NEWLOCALE 1
#define HAVE_FREELOCALE 1
#define HAVE_XLOCALE_H 1
#define HAVE_EXECINFO_H 1
#define HAVE_LIBPCRE 1

configure: exit 0
